{"/Users/dossantos/Documents/dev/refactor/src/index.ts": {"path":"/Users/dossantos/Documents/dev/refactor/src/index.ts","statementMap":{"0":{"start":{"line":1,"column":0},"end":{"line":1,"column":39}},"1":{"start":{"line":2,"column":0},"end":{"line":2,"column":46}},"2":{"start":{"line":3,"column":0},"end":{"line":3,"column":39}},"3":{"start":{"line":5,"column":0},"end":{"line":7,"column":null}},"4":{"start":{"line":6,"column":2},"end":{"line":6,"column":41}}},"fnMap":{},"branchMap":{},"s":{"0":0,"1":0,"2":0,"3":0,"4":0},"f":{},"b":{}}
,"/Users/dossantos/Documents/dev/refactor/src/statment.ts": {"path":"/Users/dossantos/Documents/dev/refactor/src/statment.ts","statementMap":{"0":{"start":{"line":19,"column":20},"end":{"line":19,"column":21}},"1":{"start":{"line":20,"column":22},"end":{"line":20,"column":23}},"2":{"start":{"line":21,"column":15},"end":{"line":21,"column":52}},"3":{"start":{"line":22,"column":17},"end":{"line":26,"column":11}},"4":{"start":{"line":27,"column":2},"end":{"line":56,"column":null}},"5":{"start":{"line":28,"column":17},"end":{"line":28,"column":35}},"6":{"start":{"line":29,"column":21},"end":{"line":29,"column":22}},"7":{"start":{"line":30,"column":4},"end":{"line":46,"column":null}},"8":{"start":{"line":32,"column":8},"end":{"line":32,"column":27}},"9":{"start":{"line":33,"column":8},"end":{"line":35,"column":null}},"10":{"start":{"line":34,"column":10},"end":{"line":34,"column":52}},"11":{"start":{"line":36,"column":8},"end":{"line":36,"column":14}},"12":{"start":{"line":38,"column":8},"end":{"line":38,"column":27}},"13":{"start":{"line":39,"column":8},"end":{"line":41,"column":null}},"14":{"start":{"line":40,"column":10},"end":{"line":40,"column":59}},"15":{"start":{"line":42,"column":8},"end":{"line":42,"column":42}},"16":{"start":{"line":43,"column":8},"end":{"line":43,"column":14}},"17":{"start":{"line":45,"column":8},"end":{"line":45,"column":54}},"18":{"start":{"line":48,"column":4},"end":{"line":48,"column":53}},"19":{"start":{"line":50,"column":4},"end":{"line":50,"column":79}},"20":{"start":{"line":50,"column":32},"end":{"line":50,"column":79}},"21":{"start":{"line":52,"column":4},"end":{"line":54,"column":16}},"22":{"start":{"line":55,"column":4},"end":{"line":55,"column":30}},"23":{"start":{"line":57,"column":2},"end":{"line":57,"column":60}},"24":{"start":{"line":58,"column":2},"end":{"line":58,"column":53}},"25":{"start":{"line":59,"column":2},"end":{"line":59,"column":16}},"26":{"start":{"line":62,"column":9},"end":{"line":62,"column":18}}},"fnMap":{"0":{"name":"statement","decl":{"start":{"line":18,"column":9},"end":{"line":18,"column":18}},"loc":{"start":{"line":18,"column":48},"end":{"line":60,"column":1}}}},"branchMap":{"0":{"loc":{"start":{"line":30,"column":4},"end":{"line":46,"column":null}},"type":"switch","locations":[{"start":{"line":31,"column":6},"end":{"line":36,"column":14}},{"start":{"line":37,"column":6},"end":{"line":43,"column":14}},{"start":{"line":44,"column":6},"end":{"line":45,"column":54}}]},"1":{"loc":{"start":{"line":33,"column":8},"end":{"line":35,"column":null}},"type":"if","locations":[{"start":{"line":33,"column":8},"end":{"line":35,"column":null}}]},"2":{"loc":{"start":{"line":39,"column":8},"end":{"line":41,"column":null}},"type":"if","locations":[{"start":{"line":39,"column":8},"end":{"line":41,"column":null}}]},"3":{"loc":{"start":{"line":50,"column":4},"end":{"line":50,"column":79}},"type":"if","locations":[{"start":{"line":50,"column":4},"end":{"line":50,"column":79}}]}},"s":{"0":0,"1":0,"2":0,"3":0,"4":0,"5":0,"6":0,"7":0,"8":0,"9":0,"10":0,"11":0,"12":0,"13":0,"14":0,"15":0,"16":0,"17":0,"18":0,"19":0,"20":0,"21":0,"22":0,"23":0,"24":0,"25":0,"26":0},"f":{"0":0},"b":{"0":[0,0,0],"1":[0],"2":[0],"3":[0]}}
}
